# JRE version: Java(TM) SE Runtime Environment (8.0_66-b17) (build 1.8.0_66-b17)
# Java VM: Java HotSpot(TM) 64-Bit Server VM (25.66-b17 mixed mode bsd-amd64 compressed oops)
Heap:
 PSYoungGen      total 72192K, used 6354K [0x0000000795580000, 0x000000079c980000, 0x00000007c0000000)
  eden space 41472K, 15% used [0x0000000795580000,0x0000000795bb4978,0x0000000797e00000)
  from space 30720K, 0% used [0x0000000797e00000,0x0000000797e00000,0x0000000799c00000)
  to   space 30208K, 0% used [0x000000079ac00000,0x000000079ac00000,0x000000079c980000)
 ParOldGen       total 67072K, used 7195K [0x0000000740000000, 0x0000000744180000, 0x0000000795580000)
  object space 67072K, 10% used [0x0000000740000000,0x0000000740706e70,0x0000000744180000)
 Metaspace       used 19200K, capacity 19476K, committed 19840K, reserved 1067008K
  class space    used 2289K, capacity 2365K, committed 2432K, reserved 1048576K
GC Heap History (10 events):
Event: 87859.568 GC heap before
{Heap before GC invocations=21 (full 1):
 PSYoungGen      total 58368K, used 160K [0x0000000795580000, 0x000000079ab80000, 0x00000007c0000000)
  eden space 29696K, 0% used [0x0000000795580000,0x0000000795580000,0x0000000797280000)
  from space 28672K, 0% used [0x0000000798f80000,0x0000000798fa8000,0x000000079ab80000)
  to   space 29184K, 0% used [0x0000000797280000,0x0000000797280000,0x0000000798f00000)
 ParOldGen       total 87552K, used 85588K [0x0000000740000000, 0x0000000745580000, 0x0000000795580000)
  object space 87552K, 97% used [0x0000000740000000,0x00000007453950c8,0x0000000745580000)
 Metaspace       used 19200K, capacity 19500K, committed 19840K, reserved 1067008K
  class space    used 2294K, capacity 2373K, committed 2432K, reserved 1048576K
Event: 87860.545 GC heap after
Heap after GC invocations=21 (full 1):
 PSYoungGen      total 58368K, used 0K [0x0000000795580000, 0x000000079ab80000, 0x00000007c0000000)
  eden space 29696K, 0% used [0x0000000795580000,0x0000000795580000,0x0000000797280000)
  from space 28672K, 0% used [0x0000000798f80000,0x0000000798f80000,0x000000079ab80000)
  to   space 29184K, 0% used [0x0000000797280000,0x0000000797280000,0x0000000798f00000)
 ParOldGen       total 84480K, used 30254K [0x0000000740000000, 0x0000000745280000, 0x0000000795580000)
  object space 84480K, 35% used [0x0000000740000000,0x0000000741d8b900,0x0000000745280000)
 Metaspace       used 19185K, capacity 19476K, committed 19840K, reserved 1067008K
  class space    used 2289K, capacity 2365K, committed 2432K, reserved 1048576K
}
Event: 132483.120 GC heap before
{Heap before GC invocations=22 (full 1):
 PSYoungGen      total 58368K, used 28965K [0x0000000795580000, 0x000000079ab80000, 0x00000007c0000000)
  eden space 29696K, 97% used [0x0000000795580000,0x00000007971c9408,0x0000000797280000)
  from space 28672K, 0% used [0x0000000798f80000,0x0000000798f80000,0x000000079ab80000)
  to   space 29184K, 0% used [0x0000000797280000,0x0000000797280000,0x0000000798f00000)
 ParOldGen       total 84480K, used 30254K [0x0000000740000000, 0x0000000745280000, 0x0000000795580000)
  object space 84480K, 35% used [0x0000000740000000,0x0000000741d8b900,0x0000000745280000)
 Metaspace       used 19185K, capacity 19476K, committed 19840K, reserved 1067008K
  class space    used 2289K, capacity 2365K, committed 2432K, reserved 1048576K
Event: 132483.175 GC heap after
Heap after GC invocations=22 (full 1):
 PSYoungGen      total 58880K, used 16430K [0x0000000795580000, 0x000000079b980000, 0x00000007c0000000)
  eden space 29696K, 0% used [0x0000000795580000,0x0000000795580000,0x0000000797280000)
  from space 29184K, 56% used [0x0000000797280000,0x000000079828ba90,0x0000000798f00000)
  to   space 30208K, 0% used [0x0000000799c00000,0x0000000799c00000,0x000000079b980000)
 ParOldGen       total 84480K, used 30262K [0x0000000740000000, 0x0000000745280000, 0x0000000795580000)
  object space 84480K, 35% used [0x0000000740000000,0x0000000741d8d900,0x0000000745280000)
 Metaspace       used 19185K, capacity 19476K, committed 19840K, reserved 1067008K
  class space    used 2289K, capacity 2365K, committed 2432K, reserved 1048576K
}
Event: 132486.404 GC heap before
{Heap before GC invocations=23 (full 1):
 PSYoungGen      total 58880K, used 41797K [0x0000000795580000, 0x000000079b980000, 0x00000007c0000000)
  eden space 29696K, 85% used [0x0000000795580000,0x0000000796e45a68,0x0000000797280000)
  from space 29184K, 56% used [0x0000000797280000,0x000000079828ba90,0x0000000798f00000)
  to   space 30208K, 0% used [0x0000000799c00000,0x0000000799c00000,0x000000079b980000)
 ParOldGen       total 84480K, used 30262K [0x0000000740000000, 0x0000000745280000, 0x0000000795580000)
  object space 84480K, 35% used [0x0000000740000000,0x0000000741d8d900,0x0000000745280000)
 Metaspace       used 19186K, capacity 19476K, committed 19840K, reserved 1067008K
  class space    used 2289K, capacity 2365K, committed 2432K, reserved 1048576K
Event: 132486.581 GC heap after
Heap after GC invocations=23 (full 1):
 PSYoungGen      total 71680K, used 16895K [0x0000000795580000, 0x000000079ba80000, 0x00000007c0000000)
  eden space 41472K, 0% used [0x0000000795580000,0x0000000795580000,0x0000000797e00000)
  from space 30208K, 55% used [0x0000000799c00000,0x000000079ac7fea8,0x000000079b980000)
  to   space 30720K, 0% used [0x0000000797e00000,0x0000000797e00000,0x0000000799c00000)
 ParOldGen       total 84480K, used 46564K [0x0000000740000000, 0x0000000745280000, 0x0000000795580000)
  object space 84480K, 55% used [0x0000000740000000,0x0000000742d79390,0x0000000745280000)
 Metaspace       used 19186K, capacity 19476K, committed 19840K, reserved 1067008K
  class space    used 2289K, capacity 2365K, committed 2432K, reserved 1048576K
}
Event: 133496.013 GC heap before
{Heap before GC invocations=24 (full 1):
 PSYoungGen      total 71680K, used 53254K [0x0000000795580000, 0x000000079ba80000, 0x00000007c0000000)
  eden space 41472K, 87% used [0x0000000795580000,0x0000000797901ad8,0x0000000797e00000)
  from space 30208K, 55% used [0x0000000799c00000,0x000000079ac7fea8,0x000000079b980000)
  to   space 30720K, 0% used [0x0000000797e00000,0x0000000797e00000,0x0000000799c00000)
 ParOldGen       total 84480K, used 46564K [0x0000000740000000, 0x0000000745280000, 0x0000000795580000)
  object space 84480K, 55% used [0x0000000740000000,0x0000000742d79390,0x0000000745280000)
 Metaspace       used 19197K, capacity 19476K, committed 19840K, reserved 1067008K
  class space    used 2289K, capacity 2365K, committed 2432K, reserved 1048576K
Event: 133496.058 GC heap after
Heap after GC invocations=24 (full 1):
 PSYoungGen      total 72192K, used 192K [0x0000000795580000, 0x000000079c980000, 0x00000007c0000000)
  eden space 41472K, 0% used [0x0000000795580000,0x0000000795580000,0x0000000797e00000)
  from space 30720K, 0% used [0x0000000797e00000,0x0000000797e30000,0x0000000799c00000)
  to   space 30208K, 0% used [0x000000079ac00000,0x000000079ac00000,0x000000079c980000)
 ParOldGen       total 84480K, used 63332K [0x0000000740000000, 0x0000000745280000, 0x0000000795580000)
  object space 84480K, 74% used [0x0000000740000000,0x0000000743dd9238,0x0000000745280000)
 Metaspace       used 19197K, capacity 19476K, committed 19840K, reserved 1067008K
  class space    used 2289K, capacity 2365K, committed 2432K, reserved 1048576K
}
Event: 133496.059 GC heap before
{Heap before GC invocations=25 (full 2):
 PSYoungGen      total 72192K, used 192K [0x0000000795580000, 0x000000079c980000, 0x00000007c0000000)
  eden space 41472K, 0% used [0x0000000795580000,0x0000000795580000,0x0000000797e00000)
  from space 30720K, 0% used [0x0000000797e00000,0x0000000797e30000,0x0000000799c00000)
  to   space 30208K, 0% used [0x000000079ac00000,0x000000079ac00000,0x000000079c980000)
 ParOldGen       total 84480K, used 63332K [0x0000000740000000, 0x0000000745280000, 0x0000000795580000)
  object space 84480K, 74% used [0x0000000740000000,0x0000000743dd9238,0x0000000745280000)
 Metaspace       used 19197K, capacity 19476K, committed 19840K, reserved 1067008K
  class space    used 2289K, capacity 2365K, committed 2432K, reserved 1048576K
Event: 133496.172 GC heap after
Heap after GC invocations=25 (full 2):
 PSYoungGen      total 72192K, used 0K [0x0000000795580000, 0x000000079c980000, 0x00000007c0000000)
  eden space 41472K, 0% used [0x0000000795580000,0x0000000795580000,0x0000000797e00000)
  from space 30720K, 0% used [0x0000000797e00000,0x0000000797e00000,0x0000000799c00000)
  to   space 30208K, 0% used [0x000000079ac00000,0x000000079ac00000,0x000000079c980000)
 ParOldGen       total 67072K, used 7195K [0x0000000740000000, 0x0000000744180000, 0x0000000795580000)
  object space 67072K, 10% used [0x0000000740000000,0x0000000740706e70,0x0000000744180000)
 Metaspace       used 19197K, capacity 19476K, committed 19840K, reserved 1067008K
  class space    used 2289K, capacity 2365K, committed 2432K, reserved 1048576K
}

